2019-11-11 12:58:07,384 INFO o.a.j.u.JMeterUtils: Setting Locale to en_EN
2019-11-11 12:58:07,397 INFO o.a.j.JMeter: Loading user properties from: /opt/jmeter/bin/user.properties
2019-11-11 12:58:07,398 INFO o.a.j.JMeter: Loading system properties from: /opt/jmeter/bin/system.properties
2019-11-11 12:58:07,404 INFO o.a.j.JMeter: Copyright (c) 1998-2019 The Apache Software Foundation
2019-11-11 12:58:07,404 INFO o.a.j.JMeter: Version 5.1.1 r1855137
2019-11-11 12:58:07,404 INFO o.a.j.JMeter: java.version=1.8.0_231
2019-11-11 12:58:07,404 INFO o.a.j.JMeter: java.vm.name=Java HotSpot(TM) 64-Bit Server VM
2019-11-11 12:58:07,404 INFO o.a.j.JMeter: os.name=Linux
2019-11-11 12:58:07,404 INFO o.a.j.JMeter: os.arch=amd64
2019-11-11 12:58:07,404 INFO o.a.j.JMeter: os.version=5.3.8-arch1-1
2019-11-11 12:58:07,404 INFO o.a.j.JMeter: file.encoding=UTF-8
2019-11-11 12:58:07,404 INFO o.a.j.JMeter: java.awt.headless=null
2019-11-11 12:58:07,405 INFO o.a.j.JMeter: Max memory     =1073741824
2019-11-11 12:58:07,405 INFO o.a.j.JMeter: Available Processors =8
2019-11-11 12:58:07,448 INFO o.a.j.JMeter: Default Locale=English (EN)
2019-11-11 12:58:07,448 INFO o.a.j.JMeter: JMeter  Locale=English (EN)
2019-11-11 12:58:07,448 INFO o.a.j.JMeter: JMeterHome=/opt/jmeter
2019-11-11 12:58:07,448 INFO o.a.j.JMeter: user.dir  =/home/pete/workspace/AMT/Teaching-HEIGVD-AMT-2019-Project-One
2019-11-11 12:58:07,448 INFO o.a.j.JMeter: PWD       =/home/pete/workspace/AMT/Teaching-HEIGVD-AMT-2019-Project-One
2019-11-11 12:58:07,449 INFO o.a.j.JMeter: IP: 10.192.106.236 Name: archws FullName: archws
2019-11-11 12:58:07,995 INFO o.a.j.g.a.LookAndFeelCommand: Installing Darcula LAF
2019-11-11 12:58:08,017 INFO o.a.j.g.a.LookAndFeelCommand: Using look and feel: com.bulenkov.darcula.DarculaLaf [Darcula]
2019-11-11 12:58:08,017 INFO o.a.j.JMeter: Setting LAF to: com.bulenkov.darcula.DarculaLaf
2019-11-11 12:58:08,067 INFO o.a.j.JMeter: Loaded icon properties from org/apache/jmeter/images/icon.properties
2019-11-11 12:58:09,439 INFO o.a.j.p.h.s.HTTPSamplerBase: Parser for text/html is org.apache.jmeter.protocol.http.parser.LagartoBasedHtmlParser
2019-11-11 12:58:09,440 INFO o.a.j.p.h.s.HTTPSamplerBase: Parser for application/xhtml+xml is org.apache.jmeter.protocol.http.parser.LagartoBasedHtmlParser
2019-11-11 12:58:09,440 INFO o.a.j.p.h.s.HTTPSamplerBase: Parser for application/xml is org.apache.jmeter.protocol.http.parser.LagartoBasedHtmlParser
2019-11-11 12:58:09,440 INFO o.a.j.p.h.s.HTTPSamplerBase: Parser for text/xml is org.apache.jmeter.protocol.http.parser.LagartoBasedHtmlParser
2019-11-11 12:58:09,440 INFO o.a.j.p.h.s.HTTPSamplerBase: Parser for text/vnd.wap.wml is org.apache.jmeter.protocol.http.parser.RegexpHTMLParser
2019-11-11 12:58:09,441 INFO o.a.j.p.h.s.HTTPSamplerBase: Parser for text/css is org.apache.jmeter.protocol.http.parser.CssParser
2019-11-11 12:58:09,768 INFO o.a.j.e.KeyToolUtils: keytool found at 'keytool'
2019-11-11 12:58:09,769 INFO o.a.j.p.h.p.ProxyControl: HTTP(S) Test Script Recorder SSL Proxy will use keys that support embedded 3rd party resources in file /opt/jmeter/bin/proxyserver.jks
2019-11-11 12:58:09,875 INFO o.a.j.s.FileServer: Default base='/home/pete/workspace/AMT/Teaching-HEIGVD-AMT-2019-Project-One'
2019-11-11 12:58:10,134 INFO o.a.j.s.SampleResult: Note: Sample TimeStamps are START times
2019-11-11 12:58:10,134 INFO o.a.j.s.SampleResult: sampleresult.default.encoding is set to ISO-8859-1
2019-11-11 12:58:10,134 INFO o.a.j.s.SampleResult: sampleresult.useNanoTime=true
2019-11-11 12:58:10,135 INFO o.a.j.s.SampleResult: sampleresult.nanoThreadSleep=5000
